{"timestamp": "2026-02-17T01:26:51.628178", "level": "INFO", "logger": "__main__", "message": "使用默认配置", "module": "start_worker", "function": "start", "line": 48}
{"timestamp": "2026-02-17T01:26:51.666163", "level": "INFO", "logger": "worker.worker_service", "message": "正在启动工作节点服务: local-worker", "module": "worker_service", "function": "start", "line": 134}
{"timestamp": "2026-02-17T01:26:51.666310", "level": "INFO", "logger": "worker.worker_service", "message": "初始化技能系统...", "module": "worker_service", "function": "_initialize_skills", "line": 202}
{"timestamp": "2026-02-17T01:26:51.667277", "level": "INFO", "logger": "storage.database", "message": "数据库连接已建立: :memory:", "module": "database", "function": "connect", "line": 56}
{"timestamp": "2026-02-17T01:26:51.668284", "level": "INFO", "logger": "storage.database", "message": "数据库表结构初始化完成", "module": "database", "function": "initialize", "line": 200}
{"timestamp": "2026-02-17T01:26:51.669017", "level": "INFO", "logger": "storage.database", "message": "数据库表结构初始化完成", "module": "database", "function": "initialize", "line": 200}
{"timestamp": "2026-02-17T01:26:51.669712", "level": "INFO", "logger": "storage.state_manager", "message": "状态管理器初始化完成: 0 个节点, 0 个任务", "module": "state_manager", "function": "initialize", "line": 87}
{"timestamp": "2026-02-17T01:26:51.669779", "level": "INFO", "logger": "storage.state_manager", "message": "自动同步任务已启动 (间隔: 30秒)", "module": "state_manager", "function": "_start_auto_sync", "line": 175}
{"timestamp": "2026-02-17T01:26:51.669832", "level": "INFO", "logger": "skills.skill_registry", "message": "技能已注册: python (类别: system, 版本: 1.0.0)", "module": "skill_registry", "function": "register_skill", "line": 195}
{"timestamp": "2026-02-17T01:26:51.669863", "level": "INFO", "logger": "skills.skill_registry", "message": "技能已注册: search (类别: network, 版本: 1.0.0)", "module": "skill_registry", "function": "register_skill", "line": 195}
{"timestamp": "2026-02-17T01:26:51.669888", "level": "INFO", "logger": "skills.skill_registry", "message": "技能已注册: weather (类别: network, 版本: 1.0.0)", "module": "skill_registry", "function": "register_skill", "line": 195}
{"timestamp": "2026-02-17T01:26:51.669937", "level": "INFO", "logger": "skills.skill_registry", "message": "技能已注册: data-analysis (类别: data_processing, 版本: 1.0.0)", "module": "skill_registry", "function": "register_skill", "line": 195}
{"timestamp": "2026-02-17T01:26:51.669973", "level": "INFO", "logger": "skills.skill_registry", "message": "技能已注册: ml (类别: machine_learning, 版本: 1.0.0)", "module": "skill_registry", "function": "register_skill", "line": 195}
{"timestamp": "2026-02-17T01:26:51.669997", "level": "INFO", "logger": "skills.skill_registry", "message": "技能已注册: media (类别: media_processing, 版本: 1.0.0)", "module": "skill_registry", "function": "register_skill", "line": 195}
{"timestamp": "2026-02-17T01:26:51.670018", "level": "INFO", "logger": "skills.skill_discovery", "message": "手动注册了 6 个技能", "module": "skill_discovery", "function": "register_local_skills", "line": 212}
{"timestamp": "2026-02-17T01:26:51.670161", "level": "INFO", "logger": "skills.skill_discovery", "message": "技能发现服务已启动 (节点: local-worker, 目录: skills, 间隔: 60秒)", "module": "skill_discovery", "function": "start", "line": 74}
{"timestamp": "2026-02-17T01:26:51.670183", "level": "INFO", "logger": "worker.worker_service", "message": "✅ 技能系统初始化完成，可用技能: []", "module": "worker_service", "function": "_initialize_skills", "line": 236}
{"timestamp": "2026-02-17T01:26:51.670200", "level": "INFO", "logger": "worker.worker_service", "message": "初始化消息通信...", "module": "worker_service", "function": "_initialize_messaging", "line": 240}
{"timestamp": "2026-02-17T01:26:51.670235", "level": "INFO", "logger": "communication.nats_client", "message": "连接到 NATS: nats://localhost:4222", "module": "nats_client", "function": "connect", "line": 49}
{"timestamp": "2026-02-17T01:26:51.674507", "level": "INFO", "logger": "communication.nats_client", "message": "JetStream 已启用", "module": "nats_client", "function": "connect", "line": 63}
{"timestamp": "2026-02-17T01:26:51.674554", "level": "INFO", "logger": "communication.nats_client", "message": "成功连接到 NATS: nats://localhost:4222", "module": "nats_client", "function": "connect", "line": 66}
{"timestamp": "2026-02-17T01:26:51.674575", "level": "INFO", "logger": "worker.worker_service", "message": "✅ NATS连接成功", "module": "worker_service", "function": "_initialize_messaging", "line": 260}
{"timestamp": "2026-02-17T01:26:51.674611", "level": "INFO", "logger": "communication.task_messaging", "message": "已注册任务处理器: interactive", "module": "task_messaging", "function": "register_task_handler", "line": 230}
{"timestamp": "2026-02-17T01:26:51.674629", "level": "INFO", "logger": "communication.task_messaging", "message": "已注册任务处理器: batch", "module": "task_messaging", "function": "register_task_handler", "line": 230}
{"timestamp": "2026-02-17T01:26:51.674645", "level": "INFO", "logger": "worker.worker_service", "message": "任务处理器已注册", "module": "worker_service", "function": "_register_task_handlers", "line": 360}
{"timestamp": "2026-02-17T01:26:51.674671", "level": "INFO", "logger": "communication.task_messaging", "message": "已订阅任务主题: cluster.nodes.local-worker.tasks", "module": "task_messaging", "function": "_subscribe_to_tasks", "line": 103}
{"timestamp": "2026-02-17T01:26:51.674694", "level": "INFO", "logger": "communication.task_messaging", "message": "已订阅广播任务主题: cluster.tasks.broadcast", "module": "task_messaging", "function": "_subscribe_to_tasks", "line": 112}
{"timestamp": "2026-02-17T01:26:51.674713", "level": "INFO", "logger": "communication.task_messaging", "message": "已订阅结果主题: cluster.task.results.>", "module": "task_messaging", "function": "_subscribe_to_results", "line": 123}
{"timestamp": "2026-02-17T01:26:51.674729", "level": "INFO", "logger": "communication.task_messaging", "message": "任务消息服务已启动 (节点: local-worker)", "module": "task_messaging", "function": "start", "line": 73}
{"timestamp": "2026-02-17T01:26:51.674746", "level": "INFO", "logger": "worker.worker_service", "message": "✅ 消息通信初始化完成", "module": "worker_service", "function": "_initialize_messaging", "line": 277}
{"timestamp": "2026-02-17T01:26:51.674761", "level": "INFO", "logger": "worker.worker_service", "message": "初始化心跳客户端...", "module": "worker_service", "function": "_initialize_heartbeat", "line": 283}
{"timestamp": "2026-02-17T01:26:51.674917", "level": "INFO", "logger": "worker.heartbeat", "message": "心跳客户端初始化完成 - 节点ID: local-worker, 协调器: http://localhost:8888, 间隔: 5s", "module": "heartbeat", "function": "__init__", "line": 55}
{"timestamp": "2026-02-17T01:26:51.674939", "level": "INFO", "logger": "worker.worker_service", "message": "✅ 心跳客户端初始化完成 (技能: ['python', 'search', 'weather', 'data-analysis', 'ml', 'media'])", "module": "worker_service", "function": "_initialize_heartbeat", "line": 295}
{"timestamp": "2026-02-17T01:26:51.674959", "level": "INFO", "logger": "worker.worker_service", "message": "注册到协调器...", "module": "worker_service", "function": "_register_to_coordinator", "line": 299}
{"timestamp": "2026-02-17T01:26:51.685242", "level": "INFO", "logger": "communication.nats_client", "message": "订阅主题: cluster.nodes.local-worker.tasks", "module": "nats_client", "function": "message_handler", "line": 186}
{"timestamp": "2026-02-17T01:26:51.685349", "level": "INFO", "logger": "communication.nats_client", "message": "订阅主题: cluster.tasks.broadcast", "module": "nats_client", "function": "message_handler", "line": 186}
{"timestamp": "2026-02-17T01:26:51.685393", "level": "INFO", "logger": "communication.nats_client", "message": "订阅主题: cluster.task.results.>", "module": "nats_client", "function": "message_handler", "line": 186}
{"timestamp": "2026-02-17T01:26:51.688329", "level": "INFO", "logger": "httpx", "message": "HTTP Request: POST http://localhost:8888/api/v1/nodes/register \"HTTP/1.1 400 Bad Request\"", "module": "_client", "function": "_send_single_request", "line": 1758}
{"timestamp": "2026-02-17T01:26:51.688589", "level": "WARNING", "logger": "worker.worker_service", "message": "注册到协调器失败: 400", "module": "worker_service", "function": "_register_to_coordinator", "line": 345}
{"timestamp": "2026-02-17T01:26:51.690881", "level": "INFO", "logger": "worker.worker_service", "message": "后台任务已启动", "module": "worker_service", "function": "_start_background_tasks", "line": 423}
{"timestamp": "2026-02-17T01:26:51.690910", "level": "INFO", "logger": "worker.worker_service", "message": "✅ 工作节点服务启动完成: local-worker", "module": "worker_service", "function": "start", "line": 154}
{"timestamp": "2026-02-17T01:26:51.690931", "level": "INFO", "logger": "__main__", "message": "============================================================", "module": "start_worker", "function": "start", "line": 60}
{"timestamp": "2026-02-17T01:26:51.690955", "level": "INFO", "logger": "__main__", "message": "🚀 OpenClaw 工作节点已启动", "module": "start_worker", "function": "start", "line": 61}
{"timestamp": "2026-02-17T01:26:51.690976", "level": "INFO", "logger": "__main__", "message": "============================================================", "module": "start_worker", "function": "start", "line": 62}
{"timestamp": "2026-02-17T01:26:51.690992", "level": "INFO", "logger": "__main__", "message": "   节点ID: local-worker", "module": "start_worker", "function": "start", "line": 63}
{"timestamp": "2026-02-17T01:26:51.691011", "level": "INFO", "logger": "__main__", "message": "   主机名: MacBook-Pro.local", "module": "start_worker", "function": "start", "line": 64}
{"timestamp": "2026-02-17T01:26:51.691028", "level": "INFO", "logger": "__main__", "message": "   平台: darwin", "module": "start_worker", "function": "start", "line": 65}
{"timestamp": "2026-02-17T01:26:51.691043", "level": "INFO", "logger": "__main__", "message": "   架构: arm64", "module": "start_worker", "function": "start", "line": 66}
{"timestamp": "2026-02-17T01:26:51.691059", "level": "INFO", "logger": "__main__", "message": "============================================================", "module": "start_worker", "function": "start", "line": 67}
{"timestamp": "2026-02-17T01:26:52.696257", "level": "INFO", "logger": "__main__", "message": "   CPU: 26.4%", "module": "start_worker", "function": "start", "line": 71}
{"timestamp": "2026-02-17T01:26:52.696336", "level": "INFO", "logger": "__main__", "message": "   内存: 82.3%", "module": "start_worker", "function": "start", "line": 72}
{"timestamp": "2026-02-17T01:26:52.696357", "level": "INFO", "logger": "__main__", "message": "   磁盘: 3.8%", "module": "start_worker", "function": "start", "line": 73}
{"timestamp": "2026-02-17T01:26:52.696375", "level": "INFO", "logger": "__main__", "message": "============================================================", "module": "start_worker", "function": "start", "line": 74}
{"timestamp": "2026-02-17T01:26:52.703493", "level": "INFO", "logger": "httpx", "message": "HTTP Request: POST http://localhost:8888/api/v1/nodes/register \"HTTP/1.1 200 OK\"", "module": "_client", "function": "_send_single_request", "line": 1758}
{"timestamp": "2026-02-17T01:26:52.703720", "level": "INFO", "logger": "worker.heartbeat", "message": "节点注册成功: local-worker - 节点注册成功", "module": "heartbeat", "function": "_register_node", "line": 238}
{"timestamp": "2026-02-17T01:26:52.703837", "level": "INFO", "logger": "worker.heartbeat", "message": "节点注册成功，开始发送心跳", "module": "heartbeat", "function": "start", "line": 77}
{"timestamp": "2026-02-17T01:26:52.703896", "level": "INFO", "logger": "worker.heartbeat", "message": "心跳循环已启动", "module": "heartbeat", "function": "_heartbeat_loop", "line": 320}
{"timestamp": "2026-02-17T01:26:52.816158", "level": "INFO", "logger": "httpx", "message": "HTTP Request: POST http://localhost:8888/api/v1/nodes/local-worker/heartbeat \"HTTP/1.1 200 OK\"", "module": "_client", "function": "_send_single_request", "line": 1758}
{"timestamp": "2026-02-17T01:26:57.924322", "level": "INFO", "logger": "httpx", "message": "HTTP Request: POST http://localhost:8888/api/v1/nodes/local-worker/heartbeat \"HTTP/1.1 200 OK\"", "module": "_client", "function": "_send_single_request", "line": 1758}
{"timestamp": "2026-02-17T01:27:03.034448", "level": "INFO", "logger": "httpx", "message": "HTTP Request: POST http://localhost:8888/api/v1/nodes/local-worker/heartbeat \"HTTP/1.1 200 OK\"", "module": "_client", "function": "_send_single_request", "line": 1758}
{"timestamp": "2026-02-17T01:27:08.146756", "level": "INFO", "logger": "httpx", "message": "HTTP Request: POST http://localhost:8888/api/v1/nodes/local-worker/heartbeat \"HTTP/1.1 200 OK\"", "module": "_client", "function": "_send_single_request", "line": 1758}
{"timestamp": "2026-02-17T01:27:13.266470", "level": "INFO", "logger": "httpx", "message": "HTTP Request: POST http://localhost:8888/api/v1/nodes/local-worker/heartbeat \"HTTP/1.1 200 OK\"", "module": "_client", "function": "_send_single_request", "line": 1758}
{"timestamp": "2026-02-17T01:27:18.396885", "level": "INFO", "logger": "httpx", "message": "HTTP Request: POST http://localhost:8888/api/v1/nodes/local-worker/heartbeat \"HTTP/1.1 200 OK\"", "module": "_client", "function": "_send_single_request", "line": 1758}
{"timestamp": "2026-02-17T01:27:23.525796", "level": "INFO", "logger": "httpx", "message": "HTTP Request: POST http://localhost:8888/api/v1/nodes/local-worker/heartbeat \"HTTP/1.1 200 OK\"", "module": "_client", "function": "_send_single_request", "line": 1758}
{"timestamp": "2026-02-17T01:27:28.658331", "level": "INFO", "logger": "httpx", "message": "HTTP Request: POST http://localhost:8888/api/v1/nodes/local-worker/heartbeat \"HTTP/1.1 200 OK\"", "module": "_client", "function": "_send_single_request", "line": 1758}
{"timestamp": "2026-02-17T01:27:33.785185", "level": "INFO", "logger": "httpx", "message": "HTTP Request: POST http://localhost:8888/api/v1/nodes/local-worker/heartbeat \"HTTP/1.1 200 OK\"", "module": "_client", "function": "_send_single_request", "line": 1758}
{"timestamp": "2026-02-17T01:27:38.917800", "level": "INFO", "logger": "httpx", "message": "HTTP Request: POST http://localhost:8888/api/v1/nodes/local-worker/heartbeat \"HTTP/1.1 200 OK\"", "module": "_client", "function": "_send_single_request", "line": 1758}
{"timestamp": "2026-02-17T01:27:44.047528", "level": "INFO", "logger": "httpx", "message": "HTTP Request: POST http://localhost:8888/api/v1/nodes/local-worker/heartbeat \"HTTP/1.1 200 OK\"", "module": "_client", "function": "_send_single_request", "line": 1758}
{"timestamp": "2026-02-17T01:27:49.174160", "level": "INFO", "logger": "httpx", "message": "HTTP Request: POST http://localhost:8888/api/v1/nodes/local-worker/heartbeat \"HTTP/1.1 200 OK\"", "module": "_client", "function": "_send_single_request", "line": 1758}
{"timestamp": "2026-02-17T01:27:54.313300", "level": "INFO", "logger": "httpx", "message": "HTTP Request: POST http://localhost:8888/api/v1/nodes/local-worker/heartbeat \"HTTP/1.1 200 OK\"", "module": "_client", "function": "_send_single_request", "line": 1758}
{"timestamp": "2026-02-17T01:27:59.444175", "level": "INFO", "logger": "httpx", "message": "HTTP Request: POST http://localhost:8888/api/v1/nodes/local-worker/heartbeat \"HTTP/1.1 200 OK\"", "module": "_client", "function": "_send_single_request", "line": 1758}
{"timestamp": "2026-02-17T01:28:04.573394", "level": "INFO", "logger": "httpx", "message": "HTTP Request: POST http://localhost:8888/api/v1/nodes/local-worker/heartbeat \"HTTP/1.1 200 OK\"", "module": "_client", "function": "_send_single_request", "line": 1758}
{"timestamp": "2026-02-17T01:28:09.694521", "level": "INFO", "logger": "httpx", "message": "HTTP Request: POST http://localhost:8888/api/v1/nodes/local-worker/heartbeat \"HTTP/1.1 200 OK\"", "module": "_client", "function": "_send_single_request", "line": 1758}
{"timestamp": "2026-02-17T01:28:14.812447", "level": "INFO", "logger": "httpx", "message": "HTTP Request: POST http://localhost:8888/api/v1/nodes/local-worker/heartbeat \"HTTP/1.1 200 OK\"", "module": "_client", "function": "_send_single_request", "line": 1758}
{"timestamp": "2026-02-17T01:28:19.934970", "level": "INFO", "logger": "httpx", "message": "HTTP Request: POST http://localhost:8888/api/v1/nodes/local-worker/heartbeat \"HTTP/1.1 200 OK\"", "module": "_client", "function": "_send_single_request", "line": 1758}
{"timestamp": "2026-02-17T01:28:25.053661", "level": "INFO", "logger": "httpx", "message": "HTTP Request: POST http://localhost:8888/api/v1/nodes/local-worker/heartbeat \"HTTP/1.1 200 OK\"", "module": "_client", "function": "_send_single_request", "line": 1758}
{"timestamp": "2026-02-17T01:28:30.175946", "level": "INFO", "logger": "httpx", "message": "HTTP Request: POST http://localhost:8888/api/v1/nodes/local-worker/heartbeat \"HTTP/1.1 200 OK\"", "module": "_client", "function": "_send_single_request", "line": 1758}
{"timestamp": "2026-02-17T01:28:35.298431", "level": "INFO", "logger": "httpx", "message": "HTTP Request: POST http://localhost:8888/api/v1/nodes/local-worker/heartbeat \"HTTP/1.1 200 OK\"", "module": "_client", "function": "_send_single_request", "line": 1758}
{"timestamp": "2026-02-17T01:28:40.421641", "level": "INFO", "logger": "httpx", "message": "HTTP Request: POST http://localhost:8888/api/v1/nodes/local-worker/heartbeat \"HTTP/1.1 200 OK\"", "module": "_client", "function": "_send_single_request", "line": 1758}
{"timestamp": "2026-02-17T01:28:45.544205", "level": "INFO", "logger": "httpx", "message": "HTTP Request: POST http://localhost:8888/api/v1/nodes/local-worker/heartbeat \"HTTP/1.1 200 OK\"", "module": "_client", "function": "_send_single_request", "line": 1758}
{"timestamp": "2026-02-17T01:28:50.666706", "level": "INFO", "logger": "httpx", "message": "HTTP Request: POST http://localhost:8888/api/v1/nodes/local-worker/heartbeat \"HTTP/1.1 200 OK\"", "module": "_client", "function": "_send_single_request", "line": 1758}
{"timestamp": "2026-02-17T01:28:55.788636", "level": "INFO", "logger": "httpx", "message": "HTTP Request: POST http://localhost:8888/api/v1/nodes/local-worker/heartbeat \"HTTP/1.1 200 OK\"", "module": "_client", "function": "_send_single_request", "line": 1758}
{"timestamp": "2026-02-17T01:29:00.902429", "level": "INFO", "logger": "httpx", "message": "HTTP Request: POST http://localhost:8888/api/v1/nodes/local-worker/heartbeat \"HTTP/1.1 200 OK\"", "module": "_client", "function": "_send_single_request", "line": 1758}
{"timestamp": "2026-02-17T01:29:06.015468", "level": "INFO", "logger": "httpx", "message": "HTTP Request: POST http://localhost:8888/api/v1/nodes/local-worker/heartbeat \"HTTP/1.1 200 OK\"", "module": "_client", "function": "_send_single_request", "line": 1758}
{"timestamp": "2026-02-17T01:29:11.130107", "level": "INFO", "logger": "httpx", "message": "HTTP Request: POST http://localhost:8888/api/v1/nodes/local-worker/heartbeat \"HTTP/1.1 200 OK\"", "module": "_client", "function": "_send_single_request", "line": 1758}
{"timestamp": "2026-02-17T01:29:16.245995", "level": "INFO", "logger": "httpx", "message": "HTTP Request: POST http://localhost:8888/api/v1/nodes/local-worker/heartbeat \"HTTP/1.1 200 OK\"", "module": "_client", "function": "_send_single_request", "line": 1758}
{"timestamp": "2026-02-17T01:29:21.359269", "level": "INFO", "logger": "httpx", "message": "HTTP Request: POST http://localhost:8888/api/v1/nodes/local-worker/heartbeat \"HTTP/1.1 200 OK\"", "module": "_client", "function": "_send_single_request", "line": 1758}
{"timestamp": "2026-02-17T01:29:26.473867", "level": "INFO", "logger": "httpx", "message": "HTTP Request: POST http://localhost:8888/api/v1/nodes/local-worker/heartbeat \"HTTP/1.1 200 OK\"", "module": "_client", "function": "_send_single_request", "line": 1758}
{"timestamp": "2026-02-17T01:29:31.586794", "level": "INFO", "logger": "httpx", "message": "HTTP Request: POST http://localhost:8888/api/v1/nodes/local-worker/heartbeat \"HTTP/1.1 200 OK\"", "module": "_client", "function": "_send_single_request", "line": 1758}
{"timestamp": "2026-02-17T01:29:36.702292", "level": "INFO", "logger": "httpx", "message": "HTTP Request: POST http://localhost:8888/api/v1/nodes/local-worker/heartbeat \"HTTP/1.1 200 OK\"", "module": "_client", "function": "_send_single_request", "line": 1758}
{"timestamp": "2026-02-17T01:29:41.813206", "level": "INFO", "logger": "httpx", "message": "HTTP Request: POST http://localhost:8888/api/v1/nodes/local-worker/heartbeat \"HTTP/1.1 200 OK\"", "module": "_client", "function": "_send_single_request", "line": 1758}
{"timestamp": "2026-02-17T01:29:46.926194", "level": "INFO", "logger": "httpx", "message": "HTTP Request: POST http://localhost:8888/api/v1/nodes/local-worker/heartbeat \"HTTP/1.1 200 OK\"", "module": "_client", "function": "_send_single_request", "line": 1758}
{"timestamp": "2026-02-17T01:29:52.038733", "level": "INFO", "logger": "httpx", "message": "HTTP Request: POST http://localhost:8888/api/v1/nodes/local-worker/heartbeat \"HTTP/1.1 200 OK\"", "module": "_client", "function": "_send_single_request", "line": 1758}
{"timestamp": "2026-02-17T01:29:57.151667", "level": "INFO", "logger": "httpx", "message": "HTTP Request: POST http://localhost:8888/api/v1/nodes/local-worker/heartbeat \"HTTP/1.1 200 OK\"", "module": "_client", "function": "_send_single_request", "line": 1758}
{"timestamp": "2026-02-17T01:30:02.264697", "level": "INFO", "logger": "httpx", "message": "HTTP Request: POST http://localhost:8888/api/v1/nodes/local-worker/heartbeat \"HTTP/1.1 200 OK\"", "module": "_client", "function": "_send_single_request", "line": 1758}
{"timestamp": "2026-02-17T01:30:07.376841", "level": "INFO", "logger": "httpx", "message": "HTTP Request: POST http://localhost:8888/api/v1/nodes/local-worker/heartbeat \"HTTP/1.1 200 OK\"", "module": "_client", "function": "_send_single_request", "line": 1758}
{"timestamp": "2026-02-17T01:30:12.489637", "level": "INFO", "logger": "httpx", "message": "HTTP Request: POST http://localhost:8888/api/v1/nodes/local-worker/heartbeat \"HTTP/1.1 200 OK\"", "module": "_client", "function": "_send_single_request", "line": 1758}
{"timestamp": "2026-02-17T01:30:17.605872", "level": "INFO", "logger": "httpx", "message": "HTTP Request: POST http://localhost:8888/api/v1/nodes/local-worker/heartbeat \"HTTP/1.1 200 OK\"", "module": "_client", "function": "_send_single_request", "line": 1758}
{"timestamp": "2026-02-17T01:30:22.719266", "level": "INFO", "logger": "httpx", "message": "HTTP Request: POST http://localhost:8888/api/v1/nodes/local-worker/heartbeat \"HTTP/1.1 200 OK\"", "module": "_client", "function": "_send_single_request", "line": 1758}
{"timestamp": "2026-02-17T01:30:27.836082", "level": "INFO", "logger": "httpx", "message": "HTTP Request: POST http://localhost:8888/api/v1/nodes/local-worker/heartbeat \"HTTP/1.1 200 OK\"", "module": "_client", "function": "_send_single_request", "line": 1758}
{"timestamp": "2026-02-17T01:30:32.946807", "level": "INFO", "logger": "httpx", "message": "HTTP Request: POST http://localhost:8888/api/v1/nodes/local-worker/heartbeat \"HTTP/1.1 200 OK\"", "module": "_client", "function": "_send_single_request", "line": 1758}
{"timestamp": "2026-02-17T01:30:38.059342", "level": "INFO", "logger": "httpx", "message": "HTTP Request: POST http://localhost:8888/api/v1/nodes/local-worker/heartbeat \"HTTP/1.1 200 OK\"", "module": "_client", "function": "_send_single_request", "line": 1758}
{"timestamp": "2026-02-17T01:30:43.174283", "level": "INFO", "logger": "httpx", "message": "HTTP Request: POST http://localhost:8888/api/v1/nodes/local-worker/heartbeat \"HTTP/1.1 200 OK\"", "module": "_client", "function": "_send_single_request", "line": 1758}
{"timestamp": "2026-02-17T01:30:48.285962", "level": "INFO", "logger": "httpx", "message": "HTTP Request: POST http://localhost:8888/api/v1/nodes/local-worker/heartbeat \"HTTP/1.1 200 OK\"", "module": "_client", "function": "_send_single_request", "line": 1758}
{"timestamp": "2026-02-17T01:30:53.399303", "level": "INFO", "logger": "httpx", "message": "HTTP Request: POST http://localhost:8888/api/v1/nodes/local-worker/heartbeat \"HTTP/1.1 200 OK\"", "module": "_client", "function": "_send_single_request", "line": 1758}
{"timestamp": "2026-02-17T01:30:58.513419", "level": "INFO", "logger": "httpx", "message": "HTTP Request: POST http://localhost:8888/api/v1/nodes/local-worker/heartbeat \"HTTP/1.1 200 OK\"", "module": "_client", "function": "_send_single_request", "line": 1758}
{"timestamp": "2026-02-17T01:31:03.626656", "level": "INFO", "logger": "httpx", "message": "HTTP Request: POST http://localhost:8888/api/v1/nodes/local-worker/heartbeat \"HTTP/1.1 200 OK\"", "module": "_client", "function": "_send_single_request", "line": 1758}
{"timestamp": "2026-02-17T01:31:08.740768", "level": "INFO", "logger": "httpx", "message": "HTTP Request: POST http://localhost:8888/api/v1/nodes/local-worker/heartbeat \"HTTP/1.1 200 OK\"", "module": "_client", "function": "_send_single_request", "line": 1758}
{"timestamp": "2026-02-17T01:31:13.852458", "level": "INFO", "logger": "httpx", "message": "HTTP Request: POST http://localhost:8888/api/v1/nodes/local-worker/heartbeat \"HTTP/1.1 200 OK\"", "module": "_client", "function": "_send_single_request", "line": 1758}
{"timestamp": "2026-02-17T01:31:18.973995", "level": "INFO", "logger": "httpx", "message": "HTTP Request: POST http://localhost:8888/api/v1/nodes/local-worker/heartbeat \"HTTP/1.1 200 OK\"", "module": "_client", "function": "_send_single_request", "line": 1758}
{"timestamp": "2026-02-17T01:31:24.087163", "level": "INFO", "logger": "httpx", "message": "HTTP Request: POST http://localhost:8888/api/v1/nodes/local-worker/heartbeat \"HTTP/1.1 200 OK\"", "module": "_client", "function": "_send_single_request", "line": 1758}
{"timestamp": "2026-02-17T01:31:29.198304", "level": "INFO", "logger": "httpx", "message": "HTTP Request: POST http://localhost:8888/api/v1/nodes/local-worker/heartbeat \"HTTP/1.1 200 OK\"", "module": "_client", "function": "_send_single_request", "line": 1758}
{"timestamp": "2026-02-17T01:31:34.311489", "level": "INFO", "logger": "httpx", "message": "HTTP Request: POST http://localhost:8888/api/v1/nodes/local-worker/heartbeat \"HTTP/1.1 200 OK\"", "module": "_client", "function": "_send_single_request", "line": 1758}
{"timestamp": "2026-02-17T01:31:39.429994", "level": "INFO", "logger": "httpx", "message": "HTTP Request: POST http://localhost:8888/api/v1/nodes/local-worker/heartbeat \"HTTP/1.1 200 OK\"", "module": "_client", "function": "_send_single_request", "line": 1758}
{"timestamp": "2026-02-17T01:31:44.548039", "level": "INFO", "logger": "httpx", "message": "HTTP Request: POST http://localhost:8888/api/v1/nodes/local-worker/heartbeat \"HTTP/1.1 200 OK\"", "module": "_client", "function": "_send_single_request", "line": 1758}
{"timestamp": "2026-02-17T01:31:49.670068", "level": "INFO", "logger": "httpx", "message": "HTTP Request: POST http://localhost:8888/api/v1/nodes/local-worker/heartbeat \"HTTP/1.1 200 OK\"", "module": "_client", "function": "_send_single_request", "line": 1758}
{"timestamp": "2026-02-17T01:31:54.793517", "level": "INFO", "logger": "httpx", "message": "HTTP Request: POST http://localhost:8888/api/v1/nodes/local-worker/heartbeat \"HTTP/1.1 200 OK\"", "module": "_client", "function": "_send_single_request", "line": 1758}
{"timestamp": "2026-02-17T01:31:59.911308", "level": "INFO", "logger": "httpx", "message": "HTTP Request: POST http://localhost:8888/api/v1/nodes/local-worker/heartbeat \"HTTP/1.1 200 OK\"", "module": "_client", "function": "_send_single_request", "line": 1758}
{"timestamp": "2026-02-17T01:32:05.028547", "level": "INFO", "logger": "httpx", "message": "HTTP Request: POST http://localhost:8888/api/v1/nodes/local-worker/heartbeat \"HTTP/1.1 200 OK\"", "module": "_client", "function": "_send_single_request", "line": 1758}
{"timestamp": "2026-02-17T01:32:10.150624", "level": "INFO", "logger": "httpx", "message": "HTTP Request: POST http://localhost:8888/api/v1/nodes/local-worker/heartbeat \"HTTP/1.1 200 OK\"", "module": "_client", "function": "_send_single_request", "line": 1758}
{"timestamp": "2026-02-17T01:32:15.272357", "level": "INFO", "logger": "httpx", "message": "HTTP Request: POST http://localhost:8888/api/v1/nodes/local-worker/heartbeat \"HTTP/1.1 200 OK\"", "module": "_client", "function": "_send_single_request", "line": 1758}
{"timestamp": "2026-02-17T01:32:20.391008", "level": "INFO", "logger": "httpx", "message": "HTTP Request: POST http://localhost:8888/api/v1/nodes/local-worker/heartbeat \"HTTP/1.1 200 OK\"", "module": "_client", "function": "_send_single_request", "line": 1758}
{"timestamp": "2026-02-17T01:32:25.512566", "level": "INFO", "logger": "httpx", "message": "HTTP Request: POST http://localhost:8888/api/v1/nodes/local-worker/heartbeat \"HTTP/1.1 200 OK\"", "module": "_client", "function": "_send_single_request", "line": 1758}
{"timestamp": "2026-02-17T01:32:30.633791", "level": "INFO", "logger": "httpx", "message": "HTTP Request: POST http://localhost:8888/api/v1/nodes/local-worker/heartbeat \"HTTP/1.1 200 OK\"", "module": "_client", "function": "_send_single_request", "line": 1758}
{"timestamp": "2026-02-17T01:32:35.755423", "level": "INFO", "logger": "httpx", "message": "HTTP Request: POST http://localhost:8888/api/v1/nodes/local-worker/heartbeat \"HTTP/1.1 200 OK\"", "module": "_client", "function": "_send_single_request", "line": 1758}
{"timestamp": "2026-02-17T01:32:40.877188", "level": "INFO", "logger": "httpx", "message": "HTTP Request: POST http://localhost:8888/api/v1/nodes/local-worker/heartbeat \"HTTP/1.1 200 OK\"", "module": "_client", "function": "_send_single_request", "line": 1758}
{"timestamp": "2026-02-17T01:32:45.996325", "level": "INFO", "logger": "httpx", "message": "HTTP Request: POST http://localhost:8888/api/v1/nodes/local-worker/heartbeat \"HTTP/1.1 200 OK\"", "module": "_client", "function": "_send_single_request", "line": 1758}
{"timestamp": "2026-02-17T01:32:51.118856", "level": "INFO", "logger": "httpx", "message": "HTTP Request: POST http://localhost:8888/api/v1/nodes/local-worker/heartbeat \"HTTP/1.1 200 OK\"", "module": "_client", "function": "_send_single_request", "line": 1758}
{"timestamp": "2026-02-17T01:32:56.236881", "level": "INFO", "logger": "httpx", "message": "HTTP Request: POST http://localhost:8888/api/v1/nodes/local-worker/heartbeat \"HTTP/1.1 200 OK\"", "module": "_client", "function": "_send_single_request", "line": 1758}
{"timestamp": "2026-02-17T01:33:01.361898", "level": "INFO", "logger": "httpx", "message": "HTTP Request: POST http://localhost:8888/api/v1/nodes/local-worker/heartbeat \"HTTP/1.1 200 OK\"", "module": "_client", "function": "_send_single_request", "line": 1758}
{"timestamp": "2026-02-17T01:33:06.482556", "level": "INFO", "logger": "httpx", "message": "HTTP Request: POST http://localhost:8888/api/v1/nodes/local-worker/heartbeat \"HTTP/1.1 200 OK\"", "module": "_client", "function": "_send_single_request", "line": 1758}
{"timestamp": "2026-02-17T01:33:11.604708", "level": "INFO", "logger": "httpx", "message": "HTTP Request: POST http://localhost:8888/api/v1/nodes/local-worker/heartbeat \"HTTP/1.1 200 OK\"", "module": "_client", "function": "_send_single_request", "line": 1758}
{"timestamp": "2026-02-17T01:33:16.727408", "level": "INFO", "logger": "httpx", "message": "HTTP Request: POST http://localhost:8888/api/v1/nodes/local-worker/heartbeat \"HTTP/1.1 200 OK\"", "module": "_client", "function": "_send_single_request", "line": 1758}
{"timestamp": "2026-02-17T01:33:21.849065", "level": "INFO", "logger": "httpx", "message": "HTTP Request: POST http://localhost:8888/api/v1/nodes/local-worker/heartbeat \"HTTP/1.1 200 OK\"", "module": "_client", "function": "_send_single_request", "line": 1758}
{"timestamp": "2026-02-17T01:33:26.966835", "level": "INFO", "logger": "httpx", "message": "HTTP Request: POST http://localhost:8888/api/v1/nodes/local-worker/heartbeat \"HTTP/1.1 200 OK\"", "module": "_client", "function": "_send_single_request", "line": 1758}
{"timestamp": "2026-02-17T01:33:32.081290", "level": "INFO", "logger": "httpx", "message": "HTTP Request: POST http://localhost:8888/api/v1/nodes/local-worker/heartbeat \"HTTP/1.1 200 OK\"", "module": "_client", "function": "_send_single_request", "line": 1758}
{"timestamp": "2026-02-17T01:33:37.193927", "level": "INFO", "logger": "httpx", "message": "HTTP Request: POST http://localhost:8888/api/v1/nodes/local-worker/heartbeat \"HTTP/1.1 200 OK\"", "module": "_client", "function": "_send_single_request", "line": 1758}
{"timestamp": "2026-02-17T01:33:42.304525", "level": "INFO", "logger": "httpx", "message": "HTTP Request: POST http://localhost:8888/api/v1/nodes/local-worker/heartbeat \"HTTP/1.1 200 OK\"", "module": "_client", "function": "_send_single_request", "line": 1758}
{"timestamp": "2026-02-17T01:33:47.418235", "level": "INFO", "logger": "httpx", "message": "HTTP Request: POST http://localhost:8888/api/v1/nodes/local-worker/heartbeat \"HTTP/1.1 200 OK\"", "module": "_client", "function": "_send_single_request", "line": 1758}
{"timestamp": "2026-02-17T01:33:52.533695", "level": "INFO", "logger": "httpx", "message": "HTTP Request: POST http://localhost:8888/api/v1/nodes/local-worker/heartbeat \"HTTP/1.1 200 OK\"", "module": "_client", "function": "_send_single_request", "line": 1758}
{"timestamp": "2026-02-17T01:33:57.651247", "level": "INFO", "logger": "httpx", "message": "HTTP Request: POST http://localhost:8888/api/v1/nodes/local-worker/heartbeat \"HTTP/1.1 200 OK\"", "module": "_client", "function": "_send_single_request", "line": 1758}
{"timestamp": "2026-02-17T01:34:02.772936", "level": "INFO", "logger": "httpx", "message": "HTTP Request: POST http://localhost:8888/api/v1/nodes/local-worker/heartbeat \"HTTP/1.1 200 OK\"", "module": "_client", "function": "_send_single_request", "line": 1758}
{"timestamp": "2026-02-17T01:34:07.894535", "level": "INFO", "logger": "httpx", "message": "HTTP Request: POST http://localhost:8888/api/v1/nodes/local-worker/heartbeat \"HTTP/1.1 200 OK\"", "module": "_client", "function": "_send_single_request", "line": 1758}
{"timestamp": "2026-02-17T01:34:13.014467", "level": "INFO", "logger": "httpx", "message": "HTTP Request: POST http://localhost:8888/api/v1/nodes/local-worker/heartbeat \"HTTP/1.1 200 OK\"", "module": "_client", "function": "_send_single_request", "line": 1758}
{"timestamp": "2026-02-17T01:34:18.135367", "level": "INFO", "logger": "httpx", "message": "HTTP Request: POST http://localhost:8888/api/v1/nodes/local-worker/heartbeat \"HTTP/1.1 200 OK\"", "module": "_client", "function": "_send_single_request", "line": 1758}
{"timestamp": "2026-02-17T01:34:23.258812", "level": "INFO", "logger": "httpx", "message": "HTTP Request: POST http://localhost:8888/api/v1/nodes/local-worker/heartbeat \"HTTP/1.1 200 OK\"", "module": "_client", "function": "_send_single_request", "line": 1758}
{"timestamp": "2026-02-17T01:34:28.374700", "level": "INFO", "logger": "httpx", "message": "HTTP Request: POST http://localhost:8888/api/v1/nodes/local-worker/heartbeat \"HTTP/1.1 200 OK\"", "module": "_client", "function": "_send_single_request", "line": 1758}
{"timestamp": "2026-02-17T01:34:33.495830", "level": "INFO", "logger": "httpx", "message": "HTTP Request: POST http://localhost:8888/api/v1/nodes/local-worker/heartbeat \"HTTP/1.1 200 OK\"", "module": "_client", "function": "_send_single_request", "line": 1758}
{"timestamp": "2026-02-17T01:34:38.618147", "level": "INFO", "logger": "httpx", "message": "HTTP Request: POST http://localhost:8888/api/v1/nodes/local-worker/heartbeat \"HTTP/1.1 200 OK\"", "module": "_client", "function": "_send_single_request", "line": 1758}
{"timestamp": "2026-02-17T01:34:43.742256", "level": "INFO", "logger": "httpx", "message": "HTTP Request: POST http://localhost:8888/api/v1/nodes/local-worker/heartbeat \"HTTP/1.1 200 OK\"", "module": "_client", "function": "_send_single_request", "line": 1758}
{"timestamp": "2026-02-17T01:34:48.863724", "level": "INFO", "logger": "httpx", "message": "HTTP Request: POST http://localhost:8888/api/v1/nodes/local-worker/heartbeat \"HTTP/1.1 200 OK\"", "module": "_client", "function": "_send_single_request", "line": 1758}
{"timestamp": "2026-02-17T01:34:53.983401", "level": "INFO", "logger": "httpx", "message": "HTTP Request: POST http://localhost:8888/api/v1/nodes/local-worker/heartbeat \"HTTP/1.1 200 OK\"", "module": "_client", "function": "_send_single_request", "line": 1758}
{"timestamp": "2026-02-17T01:34:59.099982", "level": "INFO", "logger": "httpx", "message": "HTTP Request: POST http://localhost:8888/api/v1/nodes/local-worker/heartbeat \"HTTP/1.1 200 OK\"", "module": "_client", "function": "_send_single_request", "line": 1758}
{"timestamp": "2026-02-17T01:35:04.220707", "level": "INFO", "logger": "httpx", "message": "HTTP Request: POST http://localhost:8888/api/v1/nodes/local-worker/heartbeat \"HTTP/1.1 200 OK\"", "module": "_client", "function": "_send_single_request", "line": 1758}
{"timestamp": "2026-02-17T01:35:09.337808", "level": "INFO", "logger": "httpx", "message": "HTTP Request: POST http://localhost:8888/api/v1/nodes/local-worker/heartbeat \"HTTP/1.1 200 OK\"", "module": "_client", "function": "_send_single_request", "line": 1758}
{"timestamp": "2026-02-17T01:35:14.459968", "level": "INFO", "logger": "httpx", "message": "HTTP Request: POST http://localhost:8888/api/v1/nodes/local-worker/heartbeat \"HTTP/1.1 200 OK\"", "module": "_client", "function": "_send_single_request", "line": 1758}
{"timestamp": "2026-02-17T01:35:19.579597", "level": "INFO", "logger": "httpx", "message": "HTTP Request: POST http://localhost:8888/api/v1/nodes/local-worker/heartbeat \"HTTP/1.1 200 OK\"", "module": "_client", "function": "_send_single_request", "line": 1758}
{"timestamp": "2026-02-17T01:35:24.701579", "level": "INFO", "logger": "httpx", "message": "HTTP Request: POST http://localhost:8888/api/v1/nodes/local-worker/heartbeat \"HTTP/1.1 200 OK\"", "module": "_client", "function": "_send_single_request", "line": 1758}
{"timestamp": "2026-02-17T01:35:29.824370", "level": "INFO", "logger": "httpx", "message": "HTTP Request: POST http://localhost:8888/api/v1/nodes/local-worker/heartbeat \"HTTP/1.1 200 OK\"", "module": "_client", "function": "_send_single_request", "line": 1758}
{"timestamp": "2026-02-17T01:35:34.936977", "level": "INFO", "logger": "httpx", "message": "HTTP Request: POST http://localhost:8888/api/v1/nodes/local-worker/heartbeat \"HTTP/1.1 200 OK\"", "module": "_client", "function": "_send_single_request", "line": 1758}
{"timestamp": "2026-02-17T01:35:40.050025", "level": "INFO", "logger": "httpx", "message": "HTTP Request: POST http://localhost:8888/api/v1/nodes/local-worker/heartbeat \"HTTP/1.1 200 OK\"", "module": "_client", "function": "_send_single_request", "line": 1758}
{"timestamp": "2026-02-17T01:35:45.162553", "level": "INFO", "logger": "httpx", "message": "HTTP Request: POST http://localhost:8888/api/v1/nodes/local-worker/heartbeat \"HTTP/1.1 200 OK\"", "module": "_client", "function": "_send_single_request", "line": 1758}
{"timestamp": "2026-02-17T01:35:50.275778", "level": "INFO", "logger": "httpx", "message": "HTTP Request: POST http://localhost:8888/api/v1/nodes/local-worker/heartbeat \"HTTP/1.1 200 OK\"", "module": "_client", "function": "_send_single_request", "line": 1758}
{"timestamp": "2026-02-17T01:35:55.388163", "level": "INFO", "logger": "httpx", "message": "HTTP Request: POST http://localhost:8888/api/v1/nodes/local-worker/heartbeat \"HTTP/1.1 200 OK\"", "module": "_client", "function": "_send_single_request", "line": 1758}
{"timestamp": "2026-02-17T01:36:00.500509", "level": "INFO", "logger": "httpx", "message": "HTTP Request: POST http://localhost:8888/api/v1/nodes/local-worker/heartbeat \"HTTP/1.1 200 OK\"", "module": "_client", "function": "_send_single_request", "line": 1758}
{"timestamp": "2026-02-17T01:36:05.627381", "level": "INFO", "logger": "httpx", "message": "HTTP Request: POST http://localhost:8888/api/v1/nodes/local-worker/heartbeat \"HTTP/1.1 200 OK\"", "module": "_client", "function": "_send_single_request", "line": 1758}
{"timestamp": "2026-02-17T01:36:10.758300", "level": "INFO", "logger": "httpx", "message": "HTTP Request: POST http://localhost:8888/api/v1/nodes/local-worker/heartbeat \"HTTP/1.1 200 OK\"", "module": "_client", "function": "_send_single_request", "line": 1758}
{"timestamp": "2026-02-17T01:36:15.880013", "level": "INFO", "logger": "httpx", "message": "HTTP Request: POST http://localhost:8888/api/v1/nodes/local-worker/heartbeat \"HTTP/1.1 200 OK\"", "module": "_client", "function": "_send_single_request", "line": 1758}
{"timestamp": "2026-02-17T01:36:21.004538", "level": "INFO", "logger": "httpx", "message": "HTTP Request: POST http://localhost:8888/api/v1/nodes/local-worker/heartbeat \"HTTP/1.1 200 OK\"", "module": "_client", "function": "_send_single_request", "line": 1758}
{"timestamp": "2026-02-17T01:36:26.138961", "level": "INFO", "logger": "httpx", "message": "HTTP Request: POST http://localhost:8888/api/v1/nodes/local-worker/heartbeat \"HTTP/1.1 200 OK\"", "module": "_client", "function": "_send_single_request", "line": 1758}
{"timestamp": "2026-02-17T01:36:31.270170", "level": "INFO", "logger": "httpx", "message": "HTTP Request: POST http://localhost:8888/api/v1/nodes/local-worker/heartbeat \"HTTP/1.1 200 OK\"", "module": "_client", "function": "_send_single_request", "line": 1758}
{"timestamp": "2026-02-17T01:36:36.395171", "level": "INFO", "logger": "httpx", "message": "HTTP Request: POST http://localhost:8888/api/v1/nodes/local-worker/heartbeat \"HTTP/1.1 200 OK\"", "module": "_client", "function": "_send_single_request", "line": 1758}
{"timestamp": "2026-02-17T01:36:41.516246", "level": "INFO", "logger": "httpx", "message": "HTTP Request: POST http://localhost:8888/api/v1/nodes/local-worker/heartbeat \"HTTP/1.1 200 OK\"", "module": "_client", "function": "_send_single_request", "line": 1758}
{"timestamp": "2026-02-17T01:36:46.647107", "level": "INFO", "logger": "httpx", "message": "HTTP Request: POST http://localhost:8888/api/v1/nodes/local-worker/heartbeat \"HTTP/1.1 200 OK\"", "module": "_client", "function": "_send_single_request", "line": 1758}
{"timestamp": "2026-02-17T01:36:51.772843", "level": "INFO", "logger": "httpx", "message": "HTTP Request: POST http://localhost:8888/api/v1/nodes/local-worker/heartbeat \"HTTP/1.1 200 OK\"", "module": "_client", "function": "_send_single_request", "line": 1758}
{"timestamp": "2026-02-17T01:36:56.905122", "level": "INFO", "logger": "httpx", "message": "HTTP Request: POST http://localhost:8888/api/v1/nodes/local-worker/heartbeat \"HTTP/1.1 200 OK\"", "module": "_client", "function": "_send_single_request", "line": 1758}
{"timestamp": "2026-02-17T01:37:02.033137", "level": "INFO", "logger": "httpx", "message": "HTTP Request: POST http://localhost:8888/api/v1/nodes/local-worker/heartbeat \"HTTP/1.1 200 OK\"", "module": "_client", "function": "_send_single_request", "line": 1758}
{"timestamp": "2026-02-17T01:37:07.162129", "level": "INFO", "logger": "httpx", "message": "HTTP Request: POST http://localhost:8888/api/v1/nodes/local-worker/heartbeat \"HTTP/1.1 200 OK\"", "module": "_client", "function": "_send_single_request", "line": 1758}
{"timestamp": "2026-02-17T01:37:12.278173", "level": "INFO", "logger": "httpx", "message": "HTTP Request: POST http://localhost:8888/api/v1/nodes/local-worker/heartbeat \"HTTP/1.1 200 OK\"", "module": "_client", "function": "_send_single_request", "line": 1758}
{"timestamp": "2026-02-17T01:37:17.402714", "level": "INFO", "logger": "httpx", "message": "HTTP Request: POST http://localhost:8888/api/v1/nodes/local-worker/heartbeat \"HTTP/1.1 200 OK\"", "module": "_client", "function": "_send_single_request", "line": 1758}
{"timestamp": "2026-02-17T01:37:22.521717", "level": "INFO", "logger": "httpx", "message": "HTTP Request: POST http://localhost:8888/api/v1/nodes/local-worker/heartbeat \"HTTP/1.1 200 OK\"", "module": "_client", "function": "_send_single_request", "line": 1758}
{"timestamp": "2026-02-17T01:37:27.639593", "level": "INFO", "logger": "httpx", "message": "HTTP Request: POST http://localhost:8888/api/v1/nodes/local-worker/heartbeat \"HTTP/1.1 200 OK\"", "module": "_client", "function": "_send_single_request", "line": 1758}
{"timestamp": "2026-02-17T01:37:32.753156", "level": "INFO", "logger": "httpx", "message": "HTTP Request: POST http://localhost:8888/api/v1/nodes/local-worker/heartbeat \"HTTP/1.1 200 OK\"", "module": "_client", "function": "_send_single_request", "line": 1758}
{"timestamp": "2026-02-17T01:37:37.865677", "level": "INFO", "logger": "httpx", "message": "HTTP Request: POST http://localhost:8888/api/v1/nodes/local-worker/heartbeat \"HTTP/1.1 200 OK\"", "module": "_client", "function": "_send_single_request", "line": 1758}
{"timestamp": "2026-02-17T01:37:42.980820", "level": "INFO", "logger": "httpx", "message": "HTTP Request: POST http://localhost:8888/api/v1/nodes/local-worker/heartbeat \"HTTP/1.1 200 OK\"", "module": "_client", "function": "_send_single_request", "line": 1758}
{"timestamp": "2026-02-17T01:37:48.094646", "level": "INFO", "logger": "httpx", "message": "HTTP Request: POST http://localhost:8888/api/v1/nodes/local-worker/heartbeat \"HTTP/1.1 200 OK\"", "module": "_client", "function": "_send_single_request", "line": 1758}
{"timestamp": "2026-02-17T01:37:53.206170", "level": "INFO", "logger": "httpx", "message": "HTTP Request: POST http://localhost:8888/api/v1/nodes/local-worker/heartbeat \"HTTP/1.1 200 OK\"", "module": "_client", "function": "_send_single_request", "line": 1758}
{"timestamp": "2026-02-17T01:37:58.318216", "level": "INFO", "logger": "httpx", "message": "HTTP Request: POST http://localhost:8888/api/v1/nodes/local-worker/heartbeat \"HTTP/1.1 200 OK\"", "module": "_client", "function": "_send_single_request", "line": 1758}
{"timestamp": "2026-02-17T01:38:03.431661", "level": "INFO", "logger": "httpx", "message": "HTTP Request: POST http://localhost:8888/api/v1/nodes/local-worker/heartbeat \"HTTP/1.1 200 OK\"", "module": "_client", "function": "_send_single_request", "line": 1758}
{"timestamp": "2026-02-17T01:38:08.547208", "level": "INFO", "logger": "httpx", "message": "HTTP Request: POST http://localhost:8888/api/v1/nodes/local-worker/heartbeat \"HTTP/1.1 200 OK\"", "module": "_client", "function": "_send_single_request", "line": 1758}
{"timestamp": "2026-02-17T01:38:13.659344", "level": "INFO", "logger": "httpx", "message": "HTTP Request: POST http://localhost:8888/api/v1/nodes/local-worker/heartbeat \"HTTP/1.1 200 OK\"", "module": "_client", "function": "_send_single_request", "line": 1758}
{"timestamp": "2026-02-17T01:38:18.772373", "level": "INFO", "logger": "httpx", "message": "HTTP Request: POST http://localhost:8888/api/v1/nodes/local-worker/heartbeat \"HTTP/1.1 200 OK\"", "module": "_client", "function": "_send_single_request", "line": 1758}
{"timestamp": "2026-02-17T01:38:23.887825", "level": "INFO", "logger": "httpx", "message": "HTTP Request: POST http://localhost:8888/api/v1/nodes/local-worker/heartbeat \"HTTP/1.1 200 OK\"", "module": "_client", "function": "_send_single_request", "line": 1758}
{"timestamp": "2026-02-17T01:38:28.999706", "level": "INFO", "logger": "httpx", "message": "HTTP Request: POST http://localhost:8888/api/v1/nodes/local-worker/heartbeat \"HTTP/1.1 200 OK\"", "module": "_client", "function": "_send_single_request", "line": 1758}
{"timestamp": "2026-02-17T01:38:34.112199", "level": "INFO", "logger": "httpx", "message": "HTTP Request: POST http://localhost:8888/api/v1/nodes/local-worker/heartbeat \"HTTP/1.1 200 OK\"", "module": "_client", "function": "_send_single_request", "line": 1758}
{"timestamp": "2026-02-17T01:38:39.225408", "level": "INFO", "logger": "httpx", "message": "HTTP Request: POST http://localhost:8888/api/v1/nodes/local-worker/heartbeat \"HTTP/1.1 200 OK\"", "module": "_client", "function": "_send_single_request", "line": 1758}
{"timestamp": "2026-02-17T01:38:44.338016", "level": "INFO", "logger": "httpx", "message": "HTTP Request: POST http://localhost:8888/api/v1/nodes/local-worker/heartbeat \"HTTP/1.1 200 OK\"", "module": "_client", "function": "_send_single_request", "line": 1758}
{"timestamp": "2026-02-17T01:38:49.452596", "level": "INFO", "logger": "httpx", "message": "HTTP Request: POST http://localhost:8888/api/v1/nodes/local-worker/heartbeat \"HTTP/1.1 200 OK\"", "module": "_client", "function": "_send_single_request", "line": 1758}
{"timestamp": "2026-02-17T01:38:54.565402", "level": "INFO", "logger": "httpx", "message": "HTTP Request: POST http://localhost:8888/api/v1/nodes/local-worker/heartbeat \"HTTP/1.1 200 OK\"", "module": "_client", "function": "_send_single_request", "line": 1758}
{"timestamp": "2026-02-17T01:38:59.681103", "level": "INFO", "logger": "httpx", "message": "HTTP Request: POST http://localhost:8888/api/v1/nodes/local-worker/heartbeat \"HTTP/1.1 200 OK\"", "module": "_client", "function": "_send_single_request", "line": 1758}
{"timestamp": "2026-02-17T01:39:04.792221", "level": "INFO", "logger": "httpx", "message": "HTTP Request: POST http://localhost:8888/api/v1/nodes/local-worker/heartbeat \"HTTP/1.1 200 OK\"", "module": "_client", "function": "_send_single_request", "line": 1758}
{"timestamp": "2026-02-17T01:39:09.904192", "level": "INFO", "logger": "httpx", "message": "HTTP Request: POST http://localhost:8888/api/v1/nodes/local-worker/heartbeat \"HTTP/1.1 200 OK\"", "module": "_client", "function": "_send_single_request", "line": 1758}
{"timestamp": "2026-02-17T01:39:15.017402", "level": "INFO", "logger": "httpx", "message": "HTTP Request: POST http://localhost:8888/api/v1/nodes/local-worker/heartbeat \"HTTP/1.1 200 OK\"", "module": "_client", "function": "_send_single_request", "line": 1758}
{"timestamp": "2026-02-17T01:39:20.125882", "level": "INFO", "logger": "httpx", "message": "HTTP Request: POST http://localhost:8888/api/v1/nodes/local-worker/heartbeat \"HTTP/1.1 200 OK\"", "module": "_client", "function": "_send_single_request", "line": 1758}
{"timestamp": "2026-02-17T01:39:25.238688", "level": "INFO", "logger": "httpx", "message": "HTTP Request: POST http://localhost:8888/api/v1/nodes/local-worker/heartbeat \"HTTP/1.1 200 OK\"", "module": "_client", "function": "_send_single_request", "line": 1758}
{"timestamp": "2026-02-17T01:39:30.349488", "level": "INFO", "logger": "httpx", "message": "HTTP Request: POST http://localhost:8888/api/v1/nodes/local-worker/heartbeat \"HTTP/1.1 200 OK\"", "module": "_client", "function": "_send_single_request", "line": 1758}
{"timestamp": "2026-02-17T01:39:35.461941", "level": "INFO", "logger": "httpx", "message": "HTTP Request: POST http://localhost:8888/api/v1/nodes/local-worker/heartbeat \"HTTP/1.1 200 OK\"", "module": "_client", "function": "_send_single_request", "line": 1758}
{"timestamp": "2026-02-17T01:39:40.574145", "level": "INFO", "logger": "httpx", "message": "HTTP Request: POST http://localhost:8888/api/v1/nodes/local-worker/heartbeat \"HTTP/1.1 200 OK\"", "module": "_client", "function": "_send_single_request", "line": 1758}
{"timestamp": "2026-02-17T01:39:45.686604", "level": "INFO", "logger": "httpx", "message": "HTTP Request: POST http://localhost:8888/api/v1/nodes/local-worker/heartbeat \"HTTP/1.1 200 OK\"", "module": "_client", "function": "_send_single_request", "line": 1758}
{"timestamp": "2026-02-17T01:39:50.798340", "level": "INFO", "logger": "httpx", "message": "HTTP Request: POST http://localhost:8888/api/v1/nodes/local-worker/heartbeat \"HTTP/1.1 200 OK\"", "module": "_client", "function": "_send_single_request", "line": 1758}
{"timestamp": "2026-02-17T01:39:55.907509", "level": "INFO", "logger": "httpx", "message": "HTTP Request: POST http://localhost:8888/api/v1/nodes/local-worker/heartbeat \"HTTP/1.1 200 OK\"", "module": "_client", "function": "_send_single_request", "line": 1758}
{"timestamp": "2026-02-17T01:40:01.020303", "level": "INFO", "logger": "httpx", "message": "HTTP Request: POST http://localhost:8888/api/v1/nodes/local-worker/heartbeat \"HTTP/1.1 200 OK\"", "module": "_client", "function": "_send_single_request", "line": 1758}
{"timestamp": "2026-02-17T01:40:06.131920", "level": "INFO", "logger": "httpx", "message": "HTTP Request: POST http://localhost:8888/api/v1/nodes/local-worker/heartbeat \"HTTP/1.1 200 OK\"", "module": "_client", "function": "_send_single_request", "line": 1758}
{"timestamp": "2026-02-17T01:40:11.245293", "level": "INFO", "logger": "httpx", "message": "HTTP Request: POST http://localhost:8888/api/v1/nodes/local-worker/heartbeat \"HTTP/1.1 200 OK\"", "module": "_client", "function": "_send_single_request", "line": 1758}
{"timestamp": "2026-02-17T01:40:16.355392", "level": "INFO", "logger": "httpx", "message": "HTTP Request: POST http://localhost:8888/api/v1/nodes/local-worker/heartbeat \"HTTP/1.1 200 OK\"", "module": "_client", "function": "_send_single_request", "line": 1758}
{"timestamp": "2026-02-17T01:40:21.468336", "level": "INFO", "logger": "httpx", "message": "HTTP Request: POST http://localhost:8888/api/v1/nodes/local-worker/heartbeat \"HTTP/1.1 200 OK\"", "module": "_client", "function": "_send_single_request", "line": 1758}
